Determining if the pthread_create exist failed with the following output:
Change Dir: /home/looly/catkin_new/build/CMakeFiles/CMakeTmp

Run Build Command:"/usr/bin/make" "cmTC_fadac/fast"
/usr/bin/make -f CMakeFiles/cmTC_fadac.dir/build.make CMakeFiles/cmTC_fadac.dir/build
make[1]: Entering directory '/home/looly/catkin_new/build/CMakeFiles/CMakeTmp'
Building C object CMakeFiles/cmTC_fadac.dir/CheckSymbolExists.c.o
/usr/bin/cc     -o CMakeFiles/cmTC_fadac.dir/CheckSymbolExists.c.o   -c /home/looly/catkin_new/build/CMakeFiles/CMakeTmp/CheckSymbolExists.c
Linking C executable cmTC_fadac
/usr/bin/cmake -E cmake_link_script CMakeFiles/cmTC_fadac.dir/link.txt --verbose=1
/usr/bin/cc       CMakeFiles/cmTC_fadac.dir/CheckSymbolExists.c.o  -o cmTC_fadac -rdynamic 
CMakeFiles/cmTC_fadac.dir/CheckSymbolExists.c.o: In function `main':
CheckSymbolExists.c:(.text+0x16): undefined reference to `pthread_create'
collect2: error: ld returned 1 exit status
CMakeFiles/cmTC_fadac.dir/build.make:97: recipe for target 'cmTC_fadac' failed
make[1]: *** [cmTC_fadac] Error 1
make[1]: Leaving directory '/home/looly/catkin_new/build/CMakeFiles/CMakeTmp'
Makefile:126: recipe for target 'cmTC_fadac/fast' failed
make: *** [cmTC_fadac/fast] Error 2

File /home/looly/catkin_new/build/CMakeFiles/CMakeTmp/CheckSymbolExists.c:
/* */
#include <pthread.h>

int main(int argc, char** argv)
{
  (void)argv;
#ifndef pthread_create
  return ((int*)(&pthread_create))[argc];
#else
  (void)argc;
  return 0;
#endif
}

Determining if the function pthread_create exists in the pthreads failed with the following output:
Change Dir: /home/looly/catkin_new/build/CMakeFiles/CMakeTmp

Run Build Command:"/usr/bin/make" "cmTC_4dd66/fast"
/usr/bin/make -f CMakeFiles/cmTC_4dd66.dir/build.make CMakeFiles/cmTC_4dd66.dir/build
make[1]: Entering directory '/home/looly/catkin_new/build/CMakeFiles/CMakeTmp'
Building C object CMakeFiles/cmTC_4dd66.dir/CheckFunctionExists.c.o
/usr/bin/cc    -DCHECK_FUNCTION_EXISTS=pthread_create   -o CMakeFiles/cmTC_4dd66.dir/CheckFunctionExists.c.o   -c /usr/share/cmake-3.5/Modules/CheckFunctionExists.c
Linking C executable cmTC_4dd66
/usr/bin/cmake -E cmake_link_script CMakeFiles/cmTC_4dd66.dir/link.txt --verbose=1
/usr/bin/cc   -DCHECK_FUNCTION_EXISTS=pthread_create    CMakeFiles/cmTC_4dd66.dir/CheckFunctionExists.c.o  -o cmTC_4dd66 -rdynamic -lpthreads 
/usr/bin/ld: cannot find -lpthreads
collect2: error: ld returned 1 exit status
CMakeFiles/cmTC_4dd66.dir/build.make:97: recipe for target 'cmTC_4dd66' failed
make[1]: *** [cmTC_4dd66] Error 1
make[1]: Leaving directory '/home/looly/catkin_new/build/CMakeFiles/CMakeTmp'
Makefile:126: recipe for target 'cmTC_4dd66/fast' failed
make: *** [cmTC_4dd66/fast] Error 2


